==== benchmark-naive ======================
#Description:	Naive, three-loop dgemm.

Size: 31	Mflop/s:  2167.98	Percentage:  1.13
Size: 32	Mflop/s:  2156.77	Percentage:  1.12
Size: 96	Mflop/s:  1682.63	Percentage:  0.88
Size: 97	Mflop/s:  1732.56	Percentage:  0.90
Size: 127	Mflop/s:  1496.39	Percentage:  0.78
Size: 128	Mflop/s:    812.5	Percentage:  0.42
Size: 129	Mflop/s:  1483.11	Percentage:  0.77
Size: 191	Mflop/s:  1345.72	Percentage:  0.70
Size: 192	Mflop/s:  826.158	Percentage:  0.43
Size: 229	Mflop/s:  1301.15	Percentage:  0.68
Size: 255	Mflop/s:  1282.91	Percentage:  0.67
Size: 256	Mflop/s:  568.471	Percentage:  0.30
Size: 257	Mflop/s:  1286.49	Percentage:  0.67
Size: 319	Mflop/s:  1258.79	Percentage:  0.66
Size: 320	Mflop/s:  804.829	Percentage:  0.42
Size: 321	Mflop/s:  1261.39	Percentage:  0.66
Size: 417	Mflop/s:   1240.7	Percentage:  0.65
Size: 479	Mflop/s:  1481.27	Percentage:  0.77
Size: 480	Mflop/s:   1245.5	Percentage:  0.65
Size: 511	Mflop/s:  1214.07	Percentage:  0.63
Size: 512	Mflop/s:  311.435	Percentage:  0.16
Size: 639	Mflop/s:     1202	Percentage:  0.63
Size: 640	Mflop/s:  745.553	Percentage:  0.39
Size: 767	Mflop/s:   1194.3	Percentage:  0.62
Size: 768	Mflop/s:   511.49	Percentage:  0.27
Size: 769	Mflop/s:  1165.41	Percentage:  0.61
Size: 800	Mflop/s:  1189.11	Percentage:  0.62
Size: 900	Mflop/s:  1186.78	Percentage:  0.62
Size: 1000	Mflop/s:  1189.31	Percentage:  0.62
Size: 1100	Mflop/s:  1187.78	Percentage:  0.62
Size: 1200	Mflop/s:  1192.58	Percentage:  0.62
#Average percentage of Peak = 0.633823

==== benchmark-blas =======================
#Description:	Reference dgemm.

Size: 31	Mflop/s:  9495.55	Percentage:  4.95
Size: 32	Mflop/s:  9695.79	Percentage:  5.05
Size: 96	Mflop/s:  37125.8	Percentage: 19.34
Size: 97	Mflop/s:  44913.3	Percentage: 23.39
Size: 127	Mflop/s:  34633.1	Percentage: 18.04
Size: 128	Mflop/s:  36481.7	Percentage: 19.00
Size: 129	Mflop/s:    42146	Percentage: 21.95
Size: 191	Mflop/s:  64468.8	Percentage: 33.58
Size: 192	Mflop/s:  71429.1	Percentage: 37.20
Size: 229	Mflop/s:  89876.9	Percentage: 46.81
Size: 255	Mflop/s:  88793.5	Percentage: 46.25
Size: 256	Mflop/s:  74591.6	Percentage: 38.85
Size: 257	Mflop/s:  72722.7	Percentage: 37.88
Size: 319	Mflop/s:  81642.3	Percentage: 42.52
Size: 320	Mflop/s:  82470.4	Percentage: 42.95
Size: 321	Mflop/s:  80734.8	Percentage: 42.05
Size: 417	Mflop/s:  83344.6	Percentage: 43.41
Size: 479	Mflop/s:  85882.9	Percentage: 44.73
Size: 480	Mflop/s:  86963.8	Percentage: 45.29
Size: 511	Mflop/s:  83258.8	Percentage: 43.36
Size: 512	Mflop/s:  83118.7	Percentage: 43.29
Size: 639	Mflop/s:  88667.3	Percentage: 46.18
Size: 640	Mflop/s:    89615	Percentage: 46.67
Size: 767	Mflop/s:  88810.3	Percentage: 46.26
Size: 768	Mflop/s:    89853	Percentage: 46.80
Size: 769	Mflop/s:  88902.2	Percentage: 46.30
Size: 800	Mflop/s:  92494.1	Percentage: 48.17
Size: 900	Mflop/s:  92404.3	Percentage: 48.13
Size: 1000	Mflop/s:  93956.9	Percentage: 48.94
Size: 1100	Mflop/s:  92258.6	Percentage: 48.05
Size: 1200	Mflop/s:    94554	Percentage: 49.25
#Average percentage of Peak = 37.8916

==== benchmark-blocked ====================
#Description:	Naive, three-loop dgemm.

Size: 31	Mflop/s:  4070.12	Percentage:  2.12
Size: 32	Mflop/s:  3462.91	Percentage:  1.80
Size: 96	Mflop/s:  2553.75	Percentage:  1.33
Size: 97	Mflop/s:  2657.51	Percentage:  1.38
Size: 127	Mflop/s:  2659.08	Percentage:  1.38
Size: 128	Mflop/s:   2425.4	Percentage:  1.26
Size: 129	Mflop/s:  2663.36	Percentage:  1.39
Size: 191	Mflop/s:  2634.04	Percentage:  1.37
Size: 192	Mflop/s:   2544.6	Percentage:  1.33
Size: 229	Mflop/s:     2616	Percentage:  1.36
Size: 255	Mflop/s:  2566.49	Percentage:  1.34
Size: 256	Mflop/s:  1442.85	Percentage:  0.75
Size: 257	Mflop/s:   2552.2	Percentage:  1.33
Size: 319	Mflop/s:  2611.59	Percentage:  1.36
Size: 320	Mflop/s:  3071.67	Percentage:  1.60
Size: 321	Mflop/s:  2728.68	Percentage:  1.42
Size: 417	Mflop/s:   2632.9	Percentage:  1.37
Size: 479	Mflop/s:  2587.17	Percentage:  1.35
Size: 480	Mflop/s:  2535.83	Percentage:  1.32
Size: 511	Mflop/s:  2136.61	Percentage:  1.11
Size: 512	Mflop/s:  472.569	Percentage:  0.25
Size: 639	Mflop/s:  2638.82	Percentage:  1.37
Size: 640	Mflop/s:  2347.16	Percentage:  1.22
Size: 767	Mflop/s:  2577.33	Percentage:  1.34
Size: 768	Mflop/s:   1345.8	Percentage:  0.70
Size: 769	Mflop/s:  2554.86	Percentage:  1.33
Size: 800	Mflop/s:  2571.38	Percentage:  1.34
Size: 900	Mflop/s:  2626.89	Percentage:  1.37
Size: 1000	Mflop/s:  2616.51	Percentage:  1.36
Size: 1100	Mflop/s:  2611.52	Percentage:  1.36
Size: 1200	Mflop/s:  2595.47	Percentage:  1.35
#Average percentage of Peak = 1.31235

==== plot results =========================
